  477  cs ..
  478  cd ..
  479  cd cs131/
  480  ls
  481  cd a1
  482  ls
  483  history 100
  484  history 200
  485  vim a1.txt 
  486  grep "2019-01-10" /home/amrit_randev/2019-01-h1.csv | cut -d',' -f17 | sort -nr | head -1
  487  grep -E ",[3-9][0-9]*," /home/amrit_randev/2019-01-h1.csv | cut -d',' -f9 | sort | uniq -c | sort -nr | head -10
  488  grep -E ",[3-9][0-9]*," /home/amrit_randev/2019-01-h1.csv | cut -d',' -f9 | sort | uniq -c | sort -nr | head -n10 
  492  head 10 /home/amrit_randev/2019-01-h1.csv 
  493  grep -E ",[3-9]\.0," /home/amrit_randev/2019-01-h1.csv | cut -d',' -f9 | sort | uniq -c | sort -nr | head -10
  494  grep -E ",[3-9]," /home/amrit_randev/2019-01-h1.csv | cut -d',' -f9 | sort | uniq -c | sort -nr | head -10
  495  grep -E ",[3-9]\.0," /home/amrit_randev/2019-01-h1.csv | cut -d',' -f9 | sort | uniq -c | sort -nr | head -10
  496  echo "2d: Highest total amount paid on January 10,2019" >> a1.txt
  497  grep "2019-01-10" /home/amrit_randev/2019-01-h1.csv | cut -d',' -f17 | sort -nr | head -n1 >> a1.txt
  498  vim a1.txt 
  499  echo "2e: Top 10 dropoff locations " >> a1.txt
  500  grep -E ",[3-9]\.0," /home/amrit_randev/2019-01-h1.csv | cut -d',' -f9 | sort | uniq -c | sort -nr | head -10 >> a1.txt
  501  vim a1.txt 
  502  rm cmds.log
  503  ls
  504  history > cmds.log
